commit e3037fa89a90f1529a1ac0ed41b1088453f52d12
Author: Taylor Kamakau <taylorkamakau@mail.weber.edu>
Date:   Thu Feb 21 10:12:48 2019 -0700

    taylorKamakau_exam1_task1.c

commit d64a45ce0740f1953ea1e9adfe86699dc1b10d09
Author: Taylor Kamakau <taylorkamakau@mail.weber.edu>
Date:   Thu Feb 14 09:30:16 2019 -0700

    first commit

commit 01603b63c15a1e06a61ee40c4d49e5b7b31861bd
Author: Taylor Kamakau <taylorkamakau@mail.weber.edu>
Date:   Thu Feb 14 09:29:53 2019 -0700

    my first prof second

commit cdfdbd0b27e501580984442edf5d364fb061c8e3
Author: Taylor Kamakau <taylorkamakau@mail.weber.edu>
Date:   Tue Feb 12 10:08:39 2019 -0700

    second commit

commit 0595209583c95d2fe8d83696c72d5664c883a2ea
Author: Taylor Kamakau <taylorkamakau@mail.weber.edu>
Date:   Tue Feb 12 10:00:48 2019 -0700

    first commit

commit ce482f9a03f38229aabe2111c57f3f9cd9f1d2f7
Author: Taylor Kamakau <taylorkamakau@mail.weber.edu>
Date:   Tue Feb 12 09:48:12 2019 -0700

    calculate avg, min, max temps

commit 37af418db12ae64c17a391743f264e7fc14cf923
Author: Taylor Kamakau <taylorkamakau@mail.weber.edu>
Date:   Tue Feb 5 09:26:32 2019 -0700

    task 3: add user request

commit 07e3847044bc8b5ac9ecc370190b77e7a88c727f
Author: Taylor Kamakau <taylorkamakau@mail.weber.edu>
Date:   Tue Feb 5 09:15:58 2019 -0700

    task 3: add user request

commit 0dd744c63c06184a2a2ac0117c6e2528285c353f
Author: Taylor Kamakau <taylorkamakau@mail.weber.edu>
Date:   Tue Feb 5 08:52:10 2019 -0700

    calculate average

commit 52ca0319507199b9031ff35671f6d2d64d7d5917
Author: Taylor Kamakau <taylorkamakau@mail.weber.edu>
Date:   Thu Jan 31 08:39:06 2019 -0700

    initial commit

commit ec47c54ee2b0c0c85e05bfdc14e6741ee9038221
Author: Taylor Kamakau <taylorkamakau@mail.weber.edu>
Date:   Thu Jan 24 09:31:45 2019 -0700

    copy and strings

commit 5b5ceb8272589d3ccbe794a8befed11ecd533d82
Author: Taylor Kamakau <taylorkamakau@mail.weber.edu>
Date:   Thu Jan 17 10:28:11 2019 -0700

    adding ballDropped

commit 88aaf640431e153f657b6ad324038f506a9ae5dc
Author: Taylor Kamakau <taylorkamakau@mail.weber.edu>
Date:   Thu Jan 17 09:01:35 2019 -0700

    First commit

commit ef56606e425482e5f0b929c0a42d5c9fded0487e
Author: Taylor-Kamakau <46789028+Taylor-Kamakau@users.noreply.github.com>
Date:   Thu Jan 17 08:50:12 2019 -0700

    Initial commit
